#
# There is insufficient memory for the Java Runtime Environment to continue.
# Native memory allocation (malloc) failed to allocate 32744 bytes for ChunkPool::allocate
# Possible reasons:
#   The system is out of physical RAM or swap space
#   The process is running with CompressedOops enabled, and the Java Heap may be blocking the growth of the native heap
# Possible solutions:
#   Reduce memory load on the system
#   Increase physical memory or swap space
#   Check if swap backing store is full
#   Decrease Java heap size (-Xmx/-Xms)
#   Decrease number of Java threads
#   Decrease Java thread stack sizes (-Xss)
#   Set larger code cache with -XX:ReservedCodeCacheSize=
#   JVM is running with Unscaled Compressed Oops mode in which the Java heap is
#     placed in the first 4GB address space. The Java Heap base address is the
#     maximum limit for the native heap growth. Please use -XX:HeapBaseMinAddress
#     to set the Java Heap base and to place the Java Heap above 4GB virtual address.
# This output file may be truncated or incomplete.
#
#  Out of Memory Error (allocation.cpp:272), pid=7868, tid=0x0000000000001dd4
#
# JRE version: Java(TM) SE Runtime Environment (8.0_311-b11) (build 1.8.0_311-b11)
# Java VM: Java HotSpot(TM) 64-Bit Server VM (25.311-b11 mixed mode windows-amd64 compressed oops)
# Failed to write core dump. Minidumps are not enabled by default on client versions of Windows
#

---------------  T H R E A D  ---------------

Current thread (0x0000000052af5800):  JavaThread "Unknown thread" [_thread_in_native, id=7636, stack(0x0000000054540000,0x0000000054640000)]

Stack: [0x0000000054540000,0x0000000054640000]
Native frames: (J=compiled Java code, j=interpreted, Vv=VM code, C=native code)
V  [jvm.dll+0x32f239]


Current CompileTask:
C2:   1468  684       4       java.io.WinNTFileSystem::normalize (143 bytes)


---------------  P R O C E S S  ---------------

Java Threads: ( => current thread )
  0x000000005594b000 
[error occurred during error reporting (printing all threads), id 0xc0000005]

VM state:at safepoint (normal execution)

VM Mutex/Monitor currently owned by a thread:  ([mutex/lock_event])
[0x00000000003ad400] Threads_lock - owner thread: 0x0000000052a83000
[0x00000000003ad900] Heap_lock - owner thread: 0x00000000003b7800

heap address: 0x00000000fc000000, size: 64 MB, Compressed Oops mode: 32-bit
Narrow klass base: 0x0000000000000000, Narrow klass shift: 0
Compressed class space size: 1073741824 Address: 0x00000000121c0000

Heap:
 PSYoungGen      total 18944K, used 0K [0x00000000feb00000, 0x0000000100000000, 0x0000000100000000)
  eden space 16384K, 0% used [0x00000000feb00000,0x00000000feb00000,0x00000000ffb00000)
  from space 2560K, 0% used [0x00000000ffd80000,0x00000000ffd80000,0x0000000100000000)
  to   space 2560K, 0% used [0x00000000ffb00000,0x00000000ffb00000,0x00000000ffd80000)
 ParOldGen       total 44032K, used 2267K [0x00000000fc000000, 0x00000000feb00000, 0x00000000feb00000)
  object space 44032K, 5% used [0x00000000fc000000,0x00000000fc236ea8,0x00000000feb00000)
 Metaspace       used 9248K, capacity 9518K, committed 9600K, reserved 1062912K
  class space    used 1232K, capacity 1344K, committed 1408K, reserved 1048576K

Card table byte_map: [0x0000000000260000,0x0000000000290000] byte_map_base: 0xffffffffffa80000

Marking Bits: (ParMarkBitMap*) 0x00000000656a8030
 Begin Bits: [0x0000000011fc0000, 0x00000000120c0000)
 End Bits:   [0x00000000120c0000, 0x00000000121c0000)

Polling page: 0x0000000000130000

CodeCache: size=245760Kb used=3019Kb max_used=3028Kb free=242740Kb
 bounds [0x0000000002650000, 0x0000000002950000, 0x0000000011650000]
 total_blobs=1103 nmethods=780 adapters=237
 compilation: enabled

Compilation events (10 events):
Event: 1.368 Thread 0x0000000052b02800  777       1       org.gradle.cli.CommandLineOption::getOptions (5 bytes)
Event: 1.369 Thread 0x0000000052b02800 nmethod 777 0x0000000002943010 code [0x0000000002943160, 0x0000000002943270]
Event: 1.370 Thread 0x0000000052aff000 nmethod 778 0x0000000002945f90 code [0x00000000029460c0, 0x0000000002946198]
Event: 1.387 Thread 0x0000000052b02800  779       3       java.util.zip.ZipFile$ZipFileInputStream::finalize (5 bytes)
Event: 1.388 Thread 0x0000000052b02800 nmethod 779 0x0000000002945c10 code [0x0000000002945d80, 0x0000000002945f08]
Event: 1.388 Thread 0x0000000052b02800  780       3       java.util.zip.ZipFile$ZipFileInflaterInputStream::finalize (5 bytes)
Event: 1.388 Thread 0x0000000052b02800 nmethod 780 0x0000000002945890 code [0x0000000002945a00, 0x0000000002945b88]
Event: 1.388 Thread 0x0000000052b02800  781       1       java.lang.ref.Finalizer::access$000 (4 bytes)
Event: 1.388 Thread 0x0000000052b02800 nmethod 781 0x0000000002927e90 code [0x0000000002927fe0, 0x00000000029280d0]
Event: 1.413 Thread 0x0000000052aff000  782 %     4       sun.net.www.ParseUtil::encodePath @ 29 (336 bytes)

GC Heap History (7 events):
Event: 0.893 GC heap before
{Heap before GC invocations=1 (full 0):
 PSYoungGen      total 18944K, used 16384K [0x00000000feb00000, 0x0000000100000000, 0x0000000100000000)
  eden space 16384K, 100% used [0x00000000feb00000,0x00000000ffb00000,0x00000000ffb00000)
  from space 2560K, 0% used [0x00000000ffd80000,0x00000000ffd80000,0x0000000100000000)
  to   space 2560K, 0% used [0x00000000ffb00000,0x00000000ffb00000,0x00000000ffd80000)
 ParOldGen       total 44032K, used 0K [0x00000000fc000000, 0x00000000feb00000, 0x00000000feb00000)
  object space 44032K, 0% used [0x00000000fc000000,0x00000000fc000000,0x00000000feb00000)
 Metaspace       used 6395K, capacity 6654K, committed 6784K, reserved 1056768K
  class space    used 781K, capacity 877K, committed 896K, reserved 1048576K
Event: 0.899 GC heap after
Heap after GC invocations=1 (full 0):
 PSYoungGen      total 18944K, used 2531K [0x00000000feb00000, 0x0000000100000000, 0x0000000100000000)
  eden space 16384K, 0% used [0x00000000feb00000,0x00000000feb00000,0x00000000ffb00000)
  from space 2560K, 98% used [0x00000000ffb00000,0x00000000ffd78e30,0x00000000ffd80000)
  to   space 2560K, 0% used [0x00000000ffd80000,0x00000000ffd80000,0x0000000100000000)
 ParOldGen       total 44032K, used 42K [0x00000000fc000000, 0x00000000feb00000, 0x00000000feb00000)
  object space 44032K, 0% used [0x00000000fc000000,0x00000000fc00aa08,0x00000000feb00000)
 Metaspace       used 6395K, capacity 6654K, committed 6784K, reserved 1056768K
  class space    used 781K, capacity 877K, committed 896K, reserved 1048576K
}
Event: 1.377 GC heap before
{Heap before GC invocations=2 (full 0):
 PSYoungGen      total 18944K, used 18915K [0x00000000feb00000, 0x0000000100000000, 0x0000000100000000)
  eden space 16384K, 100% used [0x00000000feb00000,0x00000000ffb00000,0x00000000ffb00000)
  from space 2560K, 98% used [0x00000000ffb00000,0x00000000ffd78e30,0x00000000ffd80000)
  to   space 2560K, 0% used [0x00000000ffd80000,0x00000000ffd80000,0x0000000100000000)
 ParOldGen       total 44032K, used 42K [0x00000000fc000000, 0x00000000feb00000, 0x00000000feb00000)
  object space 44032K, 0% used [0x00000000fc000000,0x00000000fc00aa08,0x00000000feb00000)
 Metaspace       used 8976K, capacity 9198K, committed 9216K, reserved 1056768K
  class space    used 1192K, capacity 1280K, committed 1280K, reserved 1048576K
Event: 1.387 GC heap after
Heap after GC invocations=2 (full 0):
 PSYoungGen      total 18944K, used 2544K [0x00000000feb00000, 0x0000000100000000, 0x0000000100000000)
  eden space 16384K, 0% used [0x00000000feb00000,0x00000000feb00000,0x00000000ffb00000)
  from space 2560K, 99% used [0x00000000ffd80000,0x00000000ffffc030,0x0000000100000000)
  to   space 2560K, 0% used [0x00000000ffb00000,0x00000000ffb00000,0x00000000ffd80000)
 ParOldGen       total 44032K, used 1464K [0x00000000fc000000, 0x00000000feb00000, 0x00000000feb00000)
  object space 44032K, 3% used [0x00000000fc000000,0x00000000fc16e3b8,0x00000000feb00000)
 Metaspace       used 8976K, capacity 9198K, committed 9216K, reserved 1056768K
  class space    used 1192K, capacity 1280K, committed 1280K, reserved 1048576K
}
Event: 1.425 GC heap before
{Heap before GC invocations=3 (full 0):
 PSYoungGen      total 18944K, used 4136K [0x00000000feb00000, 0x0000000100000000, 0x0000000100000000)
  eden space 16384K, 9% used [0x00000000feb00000,0x00000000fec8e1c8,0x00000000ffb00000)
  from space 2560K, 99% used [0x00000000ffd80000,0x00000000ffffc030,0x0000000100000000)
  to   space 2560K, 0% used [0x00000000ffb00000,0x00000000ffb00000,0x00000000ffd80000)
 ParOldGen       total 44032K, used 1464K [0x00000000fc000000, 0x00000000feb00000, 0x00000000feb00000)
  object space 44032K, 3% used [0x00000000fc000000,0x00000000fc16e3b8,0x00000000feb00000)
 Metaspace       used 9248K, capacity 9518K, committed 9600K, reserved 1060864K
  class space    used 1232K, capacity 1344K, committed 1408K, reserved 1048576K
Event: 1.430 GC heap after
Heap after GC invocations=3 (full 0):
 PSYoungGen      total 18944K, used 2384K [0x00000000feb00000, 0x0000000100000000, 0x0000000100000000)
  eden space 16384K, 0% used [0x00000000feb00000,0x00000000feb00000,0x00000000ffb00000)
  from space 2560K, 93% used [0x00000000ffb00000,0x00000000ffd54030,0x00000000ffd80000)
  to   space 2560K, 0% used [0x00000000ffd80000,0x00000000ffd80000,0x0000000100000000)
 ParOldGen       total 44032K, used 1472K [0x00000000fc000000, 0x00000000feb00000, 0x00000000feb00000)
  object space 44032K, 3% used [0x00000000fc000000,0x00000000fc1703b8,0x00000000feb00000)
 Metaspace       used 9248K, capacity 9518K, committed 9600K, reserved 1060864K
  class space    used 1232K, capacity 1344K, committed 1408K, reserved 1048576K
}
Event: 1.430 GC heap before
{Heap before GC invocations=4 (full 1):
 PSYoungGen      total 18944K, used 2384K [0x00000000feb00000, 0x0000000100000000, 0x0000000100000000)
  eden space 16384K, 0% used [0x00000000feb00000,0x00000000feb00000,0x00000000ffb00000)
  from space 2560K, 93% used [0x00000000ffb00000,0x00000000ffd54030,0x00000000ffd80000)
  to   space 2560K, 0% used [0x00000000ffd80000,0x00000000ffd80000,0x0000000100000000)
 ParOldGen       total 44032K, used 1472K [0x00000000fc000000, 0x00000000feb00000, 0x00000000feb00000)
  object space 44032K, 3% used [0x00000000fc000000,0x00000000fc1703b8,0x00000000feb00000)
 Metaspace       used 9248K, capacity 9518K, committed 9600K, reserved 1060864K
  class space    used 1232K, capacity 1344K, committed 1408K, reserved 1048576K

Deoptimization events (8 events):
Event: 0.613 Thread 0x00000000003b7800 Uncommon trap: reason=unstable_if action=reinterpret pc=0x000000000280dc28 method=java.lang.String.startsWith(Ljava/lang/String;I)Z @ 25
Event: 0.869 Thread 0x00000000003b7800 Uncommon trap: reason=unstable_if action=reinterpret pc=0x0000000002897258 method=java.lang.String.indexOf([CII[CIII)I @ 3
Event: 0.983 Thread 0x00000000003b7800 Uncommon trap: reason=unstable_if action=reinterpret pc=0x000000000282ab30 method=java.util.regex.Matcher.reset()Ljava/util/regex/Matcher; @ 47
Event: 0.983 Thread 0x00000000003b7800 Uncommon trap: reason=class_check action=maybe_recompile pc=0x000000000283dbb4 method=java.util.regex.Matcher.match(II)Z @ 86
Event: 0.983 Thread 0x00000000003b7800 Uncommon trap: reason=class_check action=maybe_recompile pc=0x000000000283dbb4 method=java.util.regex.Matcher.match(II)Z @ 86
Event: 0.984 Thread 0x00000000003b7800 Uncommon trap: reason=class_check action=maybe_recompile pc=0x000000000283dbb4 method=java.util.regex.Matcher.match(II)Z @ 86
Event: 0.984 Thread 0x00000000003b7800 Uncommon trap: reason=class_check action=maybe_recompile pc=0x000000000283dbb4 method=java.util.regex.Matcher.match(II)Z @ 86
Event: 0.990 Thread 0x00000000003b7800 Uncommon trap: reason=unstable_if action=reinterpret pc=0x0000000002790540 method=java.util.regex.Pattern.has(I)Z @ 6

Classes redefined (0 events):
No events

Internal exceptions (10 events):
Event: 0.072 Thread 0x00000000003b7800 Exception <a 'java/lang/NoSuchMethodError': Method sun.misc.Unsafe.defineClass(Ljava/lang/String;[BII)Ljava/lang/Class; name or signature does not match> (0x00000000feb07cc0) thrown at [C:\jenkins\workspace\8-2-build-windows-amd64-cygwin\jdk8u311\1894\hot
Event: 0.072 Thread 0x00000000003b7800 Exception <a 'java/lang/NoSuchMethodError': Method sun.misc.Unsafe.prefetchRead(Ljava/lang/Object;J)V name or signature does not match> (0x00000000feb07fa8) thrown at [C:\jenkins\workspace\8-2-build-windows-amd64-cygwin\jdk8u311\1894\hotspot\src\share\vm\
Event: 0.392 Thread 0x00000000003b7800 Exception <a 'java/lang/NoSuchFieldError': method resolution failed> (0x00000000fee35798) thrown at [C:\jenkins\workspace\8-2-build-windows-amd64-cygwin\jdk8u311\1894\hotspot\src\share\vm\prims\methodHandles.cpp, line 1169]
Event: 0.397 Thread 0x00000000003b7800 Exception <a 'java/lang/NoSuchFieldError': method resolution failed> (0x00000000fee42d50) thrown at [C:\jenkins\workspace\8-2-build-windows-amd64-cygwin\jdk8u311\1894\hotspot\src\share\vm\prims\methodHandles.cpp, line 1169]
Event: 0.593 Thread 0x00000000003b7800 Exception <a 'java/security/PrivilegedActionException'> (0x00000000ff4fa170) thrown at [C:\jenkins\workspace\8-2-build-windows-amd64-cygwin\jdk8u311\1894\hotspot\src\share\vm\prims\jvm.cpp, line 1523]
Event: 0.593 Thread 0x00000000003b7800 Exception <a 'java/security/PrivilegedActionException'> (0x00000000ff4fa380) thrown at [C:\jenkins\workspace\8-2-build-windows-amd64-cygwin\jdk8u311\1894\hotspot\src\share\vm\prims\jvm.cpp, line 1523]
Event: 0.594 Thread 0x00000000003b7800 Exception <a 'java/security/PrivilegedActionException'> (0x00000000ff4fe290) thrown at [C:\jenkins\workspace\8-2-build-windows-amd64-cygwin\jdk8u311\1894\hotspot\src\share\vm\prims\jvm.cpp, line 1523]
Event: 0.594 Thread 0x00000000003b7800 Exception <a 'java/security/PrivilegedActionException'> (0x00000000ff4fe4a0) thrown at [C:\jenkins\workspace\8-2-build-windows-amd64-cygwin\jdk8u311\1894\hotspot\src\share\vm\prims\jvm.cpp, line 1523]
Event: 1.069 Thread 0x00000000003b7800 Exception <a 'java/lang/NoClassDefFoundError': org/slf4j/impl/StaticMarkerBinder> (0x00000000fef19e08) thrown at [C:\jenkins\workspace\8-2-build-windows-amd64-cygwin\jdk8u311\1894\hotspot\src\share\vm\classfile\systemDictionary.cpp, line 201]
Event: 1.315 Thread 0x00000000003b7800 Exception <a 'java/lang/NoSuchMethodError': java.lang.Object.lambda$static$0(Lorg/gradle/internal/state/ModelObject;)Ljava/lang/String;> (0x00000000ff7cba80) thrown at [C:\jenkins\workspace\8-2-build-windows-amd64-cygwin\jdk8u311\1894\hotspot\src\share\vm

Events (10 events):
Event: 1.424 loading class java/util/TreeMap$EntrySet
Event: 1.424 loading class java/util/TreeMap$EntrySet done
Event: 1.424 loading class java/util/TreeMap$EntryIterator
Event: 1.424 loading class java/util/TreeMap$PrivateEntryIterator
Event: 1.424 loading class java/util/TreeMap$PrivateEntryIterator done
Event: 1.424 loading class java/util/TreeMap$EntryIterator done
Event: 1.424 loading class java/util/Collections$UnmodifiableMap$UnmodifiableEntrySet
Event: 1.425 loading class java/util/Collections$UnmodifiableMap$UnmodifiableEntrySet done
Event: 1.425 loading class java/util/Collections$UnmodifiableMap$UnmodifiableEntrySet$1
Event: 1.425 Executing VM operation: CollectForMetadataAllocation


Dynamic libraries:
0x000000013f250000 - 0x000000013f297000 	C:\Program Files\Java\jdk1.8.0_311\bin\java.exe
0x0000000077150000 - 0x00000000772ef000 	C:\Windows\SYSTEM32\ntdll.dll
0x0000000077030000 - 0x000000007714f000 	C:\Windows\system32\kernel32.dll
0x000007fefcf60000 - 0x000007fefcfca000 	C:\Windows\system32\KERNELBASE.dll
0x000007fefd870000 - 0x000007fefd94b000 	C:\Windows\system32\ADVAPI32.dll
0x000007fefd0b0000 - 0x000007fefd14f000 	C:\Windows\system32\msvcrt.dll
0x000007fefdbd0000 - 0x000007fefdbef000 	C:\Windows\SYSTEM32\sechost.dll
0x000007fefea00000 - 0x000007fefeb2c000 	C:\Windows\system32\RPCRT4.dll
0x0000000076f30000 - 0x000000007702a000 	C:\Windows\system32\USER32.dll
0x000007fefdb60000 - 0x000007fefdbc7000 	C:\Windows\system32\GDI32.dll
0x000007fefd850000 - 0x000007fefd85e000 	C:\Windows\system32\LPK.dll
0x000007fefebd0000 - 0x000007fefec9b000 	C:\Windows\system32\USP10.dll
0x000007fefb380000 - 0x000007fefb574000 	C:\Windows\WinSxS\amd64_microsoft.windows.common-controls_6595b64144ccf1df_6.0.7601.23403_none_e36ad4593102f066\COMCTL32.dll
0x000007fefd150000 - 0x000007fefd1c1000 	C:\Windows\system32\SHLWAPI.dll
0x000007fefd9f0000 - 0x000007fefda1e000 	C:\Windows\system32\IMM32.DLL
0x000007feff330000 - 0x000007feff439000 	C:\Windows\system32\MSCTF.dll
0x000007fef9e90000 - 0x000007fef9e93000 	C:\Windows\system32\api-ms-win-core-synch-l1-2-0.DLL
0x000007fef3090000 - 0x000007fef30a5000 	C:\Program Files\Java\jdk1.8.0_311\jre\bin\vcruntime140.dll
0x000007fef9fd0000 - 0x000007fef9fd4000 	C:\Windows\system32\api-ms-win-crt-runtime-l1-1-0.dll
0x000007fef9ed0000 - 0x000007fef9fc5000 	C:\Windows\system32\ucrtbase.DLL
0x000007fef9ec0000 - 0x000007fef9ec3000 	C:\Windows\system32\api-ms-win-core-timezone-l1-1-0.dll
0x000007fef9eb0000 - 0x000007fef9eb3000 	C:\Windows\system32\api-ms-win-core-file-l2-1-0.dll
0x000007fef9ea0000 - 0x000007fef9ea3000 	C:\Windows\system32\api-ms-win-core-localization-l1-2-0.dll
0x000007fef9e80000 - 0x000007fef9e83000 	C:\Windows\system32\api-ms-win-core-processthreads-l1-1-1.dll
0x000007fef9e70000 - 0x000007fef9e73000 	C:\Windows\system32\api-ms-win-core-file-l1-2-0.dll
0x000007fef9e50000 - 0x000007fef9e53000 	C:\Windows\system32\api-ms-win-crt-heap-l1-1-0.dll
0x000007fef9e60000 - 0x000007fef9e64000 	C:\Windows\system32\api-ms-win-crt-string-l1-1-0.dll
0x000007fef9e40000 - 0x000007fef9e44000 	C:\Windows\system32\api-ms-win-crt-stdio-l1-1-0.dll
0x000007fef9e30000 - 0x000007fef9e34000 	C:\Windows\system32\api-ms-win-crt-convert-l1-1-0.dll
0x000007fef2ff0000 - 0x000007fef308b000 	C:\Program Files\Java\jdk1.8.0_311\jre\bin\msvcp140.dll
0x000007fef9e20000 - 0x000007fef9e23000 	C:\Windows\system32\api-ms-win-crt-locale-l1-1-0.dll
0x000007fef9e10000 - 0x000007fef9e15000 	C:\Windows\system32\api-ms-win-crt-math-l1-1-0.dll
0x000007fef9db0000 - 0x000007fef9db3000 	C:\Windows\system32\api-ms-win-crt-filesystem-l1-1-0.dll
0x000007fef9dc0000 - 0x000007fef9dc3000 	C:\Windows\system32\api-ms-win-crt-time-l1-1-0.dll
0x000007fef9da0000 - 0x000007fef9da3000 	C:\Windows\system32\api-ms-win-crt-environment-l1-1-0.dll
0x000007fef9d90000 - 0x000007fef9d93000 	C:\Windows\system32\api-ms-win-crt-utility-l1-1-0.dll
0x0000000064ec0000 - 0x0000000065720000 	C:\Program Files\Java\jdk1.8.0_311\jre\bin\server\jvm.dll
0x000007fef6e90000 - 0x000007fef6e99000 	C:\Windows\system32\WSOCK32.dll
0x000007fefeca0000 - 0x000007fefeced000 	C:\Windows\system32\WS2_32.dll
0x000007fefd860000 - 0x000007fefd868000 	C:\Windows\system32\NSI.dll
0x000007fef9200000 - 0x000007fef923b000 	C:\Windows\system32\WINMM.dll
0x000007fefbdb0000 - 0x000007fefbdbc000 	C:\Windows\system32\VERSION.dll
0x0000000077300000 - 0x0000000077307000 	C:\Windows\system32\PSAPI.DLL
0x000007fef7e40000 - 0x000007fef7e50000 	C:\Program Files\Java\jdk1.8.0_311\jre\bin\verify.dll
0x000007fef2fc0000 - 0x000007fef2feb000 	C:\Program Files\Java\jdk1.8.0_311\jre\bin\java.dll
0x000007fef7e20000 - 0x000007fef7e38000 	C:\Program Files\Java\jdk1.8.0_311\jre\bin\zip.dll
0x000007fefdbf0000 - 0x000007fefe97a000 	C:\Windows\system32\SHELL32.dll
0x000007fefd650000 - 0x000007fefd84d000 	C:\Windows\system32\ole32.dll
0x000007fefcd00000 - 0x000007fefcd0f000 	C:\Windows\system32\profapi.dll
0x000007fef2f80000 - 0x000007fef2f9c000 	C:\Program Files\Java\jdk1.8.0_311\jre\bin\net.dll
0x000007fefc470000 - 0x000007fefc4c5000 	C:\Windows\system32\mswsock.dll
0x000007fefc460000 - 0x000007fefc467000 	C:\Windows\System32\wship6.dll
0x000007fef2f60000 - 0x000007fef2f73000 	C:\Program Files\Java\jdk1.8.0_311\jre\bin\nio.dll
0x000007fef2ea0000 - 0x000007fef2ec7000 	C:\Users\User\.gradle\native\f6784746aeab05261644944871eae4fe03e0ef1612fff0a4a95f87b438bc6780\windows-amd64\native-platform.dll
0x000007fef89e0000 - 0x000007fef89ea000 	C:\Users\User\.gradle\native\jansi\1.18\windows64\jansi.dll
0x000007fef2e90000 - 0x000007fef2e9d000 	C:\Program Files\Java\jdk1.8.0_311\jre\bin\management.dll

VM Arguments:
jvm_args: -Xmx64m -Xms64m -Dorg.gradle.appname=gradlew 
java_command: org.gradle.wrapper.GradleWrapperMain cdvBuildDebug -b C:\Users\User\Desktop\MyApp2\platforms\android\build.gradle
java_class_path (initial): C:\Users\User\Desktop\MyApp2\platforms\android\\gradle\wrapper\gradle-wrapper.jar
Launcher Type: SUN_STANDARD

Environment Variables:
JAVA_HOME=C:\Program Files\Java\jdk1.8.0_311
JRE_HOME=C:\Program Files\Java\jre1.8.0_311
CLASSPATH=C:\Users\User\Desktop\MyApp2\platforms\android\\gradle\wrapper\gradle-wrapper.jar
PATH=C:\Program Files (x86)\Common Files\Oracle\Java\javapath;C:\Windows\system32;C:\Windows;C:\Windows\System32\Wbem;C:\Windows\System32\WindowsPowerShell\v1.0\;C:\Windows\System32\WindowsPowerShell\v1.0\;C:\Program Files (x86)\ATI Technologies\ATI.ACE\Core-Static;C:\Program Files (x86)\GtkSharp\2.12\bin;C:\Program Files\Git\cmd;C:\Program Files\nodejs\;C:\Users\User\AppData\Local\Programs\Python\Python37-32;C:\Users\User\AppData\Local\Programs\Python\Python37-32\Scripts;C:\Program Files\Graphviz\bin;C:\Users\User\AppData\Local\Programs\Python\Python37\Scripts\;C:\Users\User\AppData\Local\Programs\Python\Python37\;C:\Program Files\JetBrains\CLion 2021.3\bin;;C:\MinGW\bin;C:\Program Files\Java\jdk1.8.0_311\bin;C:\Users\User\Desktop\gradle-7.0.2\bin;C:\Users\User\AppData\Local\Android\Sdk\tools;C:\Users\User\AppData\Local\Android\Sdk\platform-tools;C:\Users\User\AppData\Local\Android\Sdk\tools\bin
USERNAME=User
OS=Windows_NT
PROCESSOR_IDENTIFIER=Intel64 Family 6 Model 37 Stepping 2, GenuineIntel



---------------  S Y S T E M  ---------------

OS: Windows 7 , 64 bit Build 7601 (6.1.7601.24384)

CPU:total 4 (initial active 4) (2 cores per cpu, 2 threads per core) family 6 model 37 stepping 2, cmov, cx8, fxsr, mmx, sse, sse2, sse3, ssse3, sse4.1, sse4.2, popcnt, ht, tsc, tscinvbit

Memory: 4k page, physical 8182620k(4854360k free), swap 8180716k(111736k free)

vm_info: Java HotSpot(TM) 64-Bit Server VM (25.311-b11) for windows-amd64 JRE (1.8.0_311-b11), built on Sep 27 2021 05:15:14 by "java_re" with MS VC++ 15.9 (VS2017)

time: Thu Dec 23 04:13:40 2021
timezone: Oeieyiaey (ceia)
elapsed time: 1.509034 seconds (0d 0h 0m 1s)

